<?xml version="1.0" encoding="UTF-8"?>
<!-- Generated by org.testng.reporters.JUnitReportReporter -->
<testsuite hostname="AJGARanaconda" failures="0" tests="2" name="com.softway.test.eCom" time="17.708" errors="0" timestamp="2022-03-04T11:55:26 IST" skipped="0">
  <testcase classname="com.softway.test.eCom" name="flipkart" time="8.595"/>
  <system-out/>
  <testcase classname="com.softway.test.eCom" name="amazon" time="9.113"/>
  <system-out/>
</testsuite> <!-- com.softway.test.eCom -->
